2018-11-28 23:00:37,473 ERROR Microsoft.AspNetCore.Server.Kestrel.? [?] - MESSAGE: Connection id "0HLIL98GTVQ1V", Request id "0HLIL98GTVQ1V:00000001": An unhandled exception was thrown by the application.
 System.InvalidOperationException: No authenticationScheme was specified, and there was no DefaultChallengeScheme found.
   at Microsoft.AspNetCore.Authentication.AuthenticationService.ChallengeAsync(HttpContext context, String scheme, AuthenticationProperties properties)
   at Microsoft.AspNetCore.Mvc.ChallengeResult.ExecuteResultAsync(ActionContext context)
   at Microsoft.AspNetCore.Mvc.Internal.ResourceInvoker.InvokeResultAsync(IActionResult result)
   at Microsoft.AspNetCore.Mvc.Internal.ResourceInvoker.InvokeAlwaysRunResultFilters()
   at Microsoft.AspNetCore.Mvc.Internal.ResourceInvoker.InvokeFilterPipelineAsync()
   at Microsoft.AspNetCore.Mvc.Internal.ResourceInvoker.InvokeAsync()
   at Microsoft.AspNetCore.Builder.RouterMiddleware.Invoke(HttpContext httpContext)
   at Microsoft.AspNetCore.Authentication.AuthenticationMiddleware.Invoke(HttpContext context)
   at Microsoft.AspNetCore.Server.IISIntegration.IISMiddleware.Invoke(HttpContext httpContext)
   at Microsoft.AspNetCore.Server.Kestrel.Core.Internal.Http.HttpProtocol.ProcessRequests[TContext](IHttpApplication`1 application)
2018-11-28 23:05:33,545 ERROR Microsoft.AspNetCore.Mvc.Internal.ActionSelector.? [?] - MESSAGE: Request matched multiple actions resulting in ambiguity. Matching actions: API.ImageMicroservice.Controllers.ImageController.Get (API.Microservice.Image)
API.ImageMicroservice.Controllers.ImageController.GetByProduct (API.Microservice.Image)
 2018-11-28 23:05:33,587 ERROR Microsoft.AspNetCore.Server.Kestrel.? [?] - MESSAGE: Connection id "0HLIL9D51QIE5", Request id "0HLIL9D51QIE5:00000002": An unhandled exception was thrown by the application.
 Microsoft.AspNetCore.Mvc.Internal.AmbiguousActionException: Multiple actions matched. The following actions matched route data and had all constraints satisfied:

API.ImageMicroservice.Controllers.ImageController.Get (API.Microservice.Image)
API.ImageMicroservice.Controllers.ImageController.GetByProduct (API.Microservice.Image)
   at Microsoft.AspNetCore.Mvc.Internal.ActionSelector.SelectBestCandidate(RouteContext context, IReadOnlyList`1 candidates)
   at Microsoft.AspNetCore.Mvc.Internal.MvcAttributeRouteHandler.RouteAsync(RouteContext context)
   at Microsoft.AspNetCore.Routing.Tree.TreeRouter.RouteAsync(RouteContext context)
   at Microsoft.AspNetCore.Routing.RouteCollection.RouteAsync(RouteContext context)
   at Microsoft.AspNetCore.Builder.RouterMiddleware.Invoke(HttpContext httpContext)
   at Microsoft.AspNetCore.Authentication.AuthenticationMiddleware.Invoke(HttpContext context)
   at Microsoft.AspNetCore.Server.IISIntegration.IISMiddleware.Invoke(HttpContext httpContext)
   at Microsoft.AspNetCore.Server.Kestrel.Core.Internal.Http.HttpProtocol.ProcessRequests[TContext](IHttpApplication`1 application)
2018-11-28 23:12:48,486 ERROR Microsoft.AspNetCore.Mvc.Internal.ActionSelector.? [?] - MESSAGE: Request matched multiple actions resulting in ambiguity. Matching actions: API.ImageMicroservice.Controllers.ImageController.Get (API.Microservice.Image)
API.ImageMicroservice.Controllers.ImageController.GetByProduct (API.Microservice.Image)
 2018-11-28 23:12:48,491 ERROR Microsoft.AspNetCore.Server.Kestrel.? [?] - MESSAGE: Connection id "0HLIL9D51QIE6", Request id "0HLIL9D51QIE6:00000003": An unhandled exception was thrown by the application.
 Microsoft.AspNetCore.Mvc.Internal.AmbiguousActionException: Multiple actions matched. The following actions matched route data and had all constraints satisfied:

API.ImageMicroservice.Controllers.ImageController.Get (API.Microservice.Image)
API.ImageMicroservice.Controllers.ImageController.GetByProduct (API.Microservice.Image)
   at Microsoft.AspNetCore.Mvc.Internal.ActionSelector.SelectBestCandidate(RouteContext context, IReadOnlyList`1 candidates)
   at Microsoft.AspNetCore.Mvc.Internal.MvcAttributeRouteHandler.RouteAsync(RouteContext context)
   at Microsoft.AspNetCore.Routing.Tree.TreeRouter.RouteAsync(RouteContext context)
   at Microsoft.AspNetCore.Routing.RouteCollection.RouteAsync(RouteContext context)
   at Microsoft.AspNetCore.Builder.RouterMiddleware.Invoke(HttpContext httpContext)
   at Microsoft.AspNetCore.Authentication.AuthenticationMiddleware.Invoke(HttpContext context)
   at Microsoft.AspNetCore.Server.IISIntegration.IISMiddleware.Invoke(HttpContext httpContext)
   at Microsoft.AspNetCore.Server.Kestrel.Core.Internal.Http.HttpProtocol.ProcessRequests[TContext](IHttpApplication`1 application)
2018-11-28 23:19:28,540 ERROR Microsoft.AspNetCore.Mvc.Internal.ActionSelector.? [?] - MESSAGE: Request matched multiple actions resulting in ambiguity. Matching actions: API.ImageMicroservice.Controllers.ImageController.Get (API.Microservice.Image)
API.ImageMicroservice.Controllers.ImageController.GetByProduct (API.Microservice.Image)
 2018-11-28 23:19:28,549 ERROR Microsoft.AspNetCore.Server.Kestrel.? [?] - MESSAGE: Connection id "0HLIL9D51QIE7", Request id "0HLIL9D51QIE7:00000001": An unhandled exception was thrown by the application.
 Microsoft.AspNetCore.Mvc.Internal.AmbiguousActionException: Multiple actions matched. The following actions matched route data and had all constraints satisfied:

API.ImageMicroservice.Controllers.ImageController.Get (API.Microservice.Image)
API.ImageMicroservice.Controllers.ImageController.GetByProduct (API.Microservice.Image)
   at Microsoft.AspNetCore.Mvc.Internal.ActionSelector.SelectBestCandidate(RouteContext context, IReadOnlyList`1 candidates)
   at Microsoft.AspNetCore.Mvc.Internal.MvcAttributeRouteHandler.RouteAsync(RouteContext context)
   at Microsoft.AspNetCore.Routing.Tree.TreeRouter.RouteAsync(RouteContext context)
   at Microsoft.AspNetCore.Routing.RouteCollection.RouteAsync(RouteContext context)
   at Microsoft.AspNetCore.Builder.RouterMiddleware.Invoke(HttpContext httpContext)
   at Microsoft.AspNetCore.Authentication.AuthenticationMiddleware.Invoke(HttpContext context)
   at Microsoft.AspNetCore.Server.IISIntegration.IISMiddleware.Invoke(HttpContext httpContext)
   at Microsoft.AspNetCore.Server.Kestrel.Core.Internal.Http.HttpProtocol.ProcessRequests[TContext](IHttpApplication`1 application)
2018-11-28 23:20:49,103 ERROR Microsoft.AspNetCore.Mvc.Internal.ActionSelector.? [?] - MESSAGE: Request matched multiple actions resulting in ambiguity. Matching actions: API.ImageMicroservice.Controllers.ImageController.Get (API.Microservice.Image)
API.ImageMicroservice.Controllers.ImageController.GetByProduct (API.Microservice.Image)
 2018-11-28 23:20:49,109 ERROR Microsoft.AspNetCore.Server.Kestrel.? [?] - MESSAGE: Connection id "0HLIL9D51QIE8", Request id "0HLIL9D51QIE8:00000001": An unhandled exception was thrown by the application.
 Microsoft.AspNetCore.Mvc.Internal.AmbiguousActionException: Multiple actions matched. The following actions matched route data and had all constraints satisfied:

API.ImageMicroservice.Controllers.ImageController.Get (API.Microservice.Image)
API.ImageMicroservice.Controllers.ImageController.GetByProduct (API.Microservice.Image)
   at Microsoft.AspNetCore.Mvc.Internal.ActionSelector.SelectBestCandidate(RouteContext context, IReadOnlyList`1 candidates)
   at Microsoft.AspNetCore.Mvc.Internal.MvcAttributeRouteHandler.RouteAsync(RouteContext context)
   at Microsoft.AspNetCore.Routing.Tree.TreeRouter.RouteAsync(RouteContext context)
   at Microsoft.AspNetCore.Routing.RouteCollection.RouteAsync(RouteContext context)
   at Microsoft.AspNetCore.Builder.RouterMiddleware.Invoke(HttpContext httpContext)
   at Microsoft.AspNetCore.Authentication.AuthenticationMiddleware.Invoke(HttpContext context)
   at Microsoft.AspNetCore.Server.IISIntegration.IISMiddleware.Invoke(HttpContext httpContext)
   at Microsoft.AspNetCore.Server.Kestrel.Core.Internal.Http.HttpProtocol.ProcessRequests[TContext](IHttpApplication`1 application)
2018-12-04 22:27:03,042 ERROR Microsoft.AspNetCore.Mvc.Internal.ActionSelector.? [?] - MESSAGE: Request matched multiple actions resulting in ambiguity. Matching actions: API.ImageMicroservice.Controllers.ImageController.Get (API.Microservice.Image)
API.ImageMicroservice.Controllers.ImageController.GetByProduct (API.Microservice.Image)
 2018-12-04 22:27:03,136 ERROR Microsoft.AspNetCore.Server.Kestrel.? [?] - MESSAGE: Connection id "0HLIPVIPKNVRU", Request id "0HLIPVIPKNVRU:00000002": An unhandled exception was thrown by the application.
 Microsoft.AspNetCore.Mvc.Internal.AmbiguousActionException: Multiple actions matched. The following actions matched route data and had all constraints satisfied:

API.ImageMicroservice.Controllers.ImageController.Get (API.Microservice.Image)
API.ImageMicroservice.Controllers.ImageController.GetByProduct (API.Microservice.Image)
   at Microsoft.AspNetCore.Mvc.Internal.ActionSelector.SelectBestCandidate(RouteContext context, IReadOnlyList`1 candidates)
   at Microsoft.AspNetCore.Mvc.Internal.MvcAttributeRouteHandler.RouteAsync(RouteContext context)
   at Microsoft.AspNetCore.Routing.Tree.TreeRouter.RouteAsync(RouteContext context)
   at Microsoft.AspNetCore.Routing.RouteCollection.RouteAsync(RouteContext context)
   at Microsoft.AspNetCore.Builder.RouterMiddleware.Invoke(HttpContext httpContext)
   at API.Core.Startup.BaseStartup.<>c.<<Configure>b__8_0>d.MoveNext() in C:\Users\levan\code\blue\API.Microservice\API.Core.Startup\BaseStartup.cs:line 90
--- End of stack trace from previous location where exception was thrown ---
   at Microsoft.AspNetCore.Authentication.AuthenticationMiddleware.Invoke(HttpContext context)
   at Microsoft.AspNetCore.Server.IISIntegration.IISMiddleware.Invoke(HttpContext httpContext)
   at Microsoft.AspNetCore.Server.Kestrel.Core.Internal.Http.HttpProtocol.ProcessRequests[TContext](IHttpApplication`1 application)
2018-12-04 22:27:55,298 ERROR Microsoft.AspNetCore.Mvc.Internal.ActionSelector.? [?] - MESSAGE: Request matched multiple actions resulting in ambiguity. Matching actions: API.ImageMicroservice.Controllers.ImageController.Get (API.Microservice.Image)
API.ImageMicroservice.Controllers.ImageController.GetByProduct (API.Microservice.Image)
 2018-12-04 22:27:55,323 ERROR Microsoft.AspNetCore.Server.Kestrel.? [?] - MESSAGE: Connection id "0HLIPVIPKNVRU", Request id "0HLIPVIPKNVRU:00000003": An unhandled exception was thrown by the application.
 Microsoft.AspNetCore.Mvc.Internal.AmbiguousActionException: Multiple actions matched. The following actions matched route data and had all constraints satisfied:

API.ImageMicroservice.Controllers.ImageController.Get (API.Microservice.Image)
API.ImageMicroservice.Controllers.ImageController.GetByProduct (API.Microservice.Image)
   at Microsoft.AspNetCore.Mvc.Internal.ActionSelector.SelectBestCandidate(RouteContext context, IReadOnlyList`1 candidates)
   at Microsoft.AspNetCore.Mvc.Internal.MvcAttributeRouteHandler.RouteAsync(RouteContext context)
   at Microsoft.AspNetCore.Routing.Tree.TreeRouter.RouteAsync(RouteContext context)
   at Microsoft.AspNetCore.Routing.RouteCollection.RouteAsync(RouteContext context)
   at Microsoft.AspNetCore.Builder.RouterMiddleware.Invoke(HttpContext httpContext)
   at API.Core.Startup.BaseStartup.<>c.<<Configure>b__8_0>d.MoveNext() in C:\Users\levan\code\blue\API.Microservice\API.Core.Startup\BaseStartup.cs:line 90
--- End of stack trace from previous location where exception was thrown ---
   at Microsoft.AspNetCore.Authentication.AuthenticationMiddleware.Invoke(HttpContext context)
   at Microsoft.AspNetCore.Server.IISIntegration.IISMiddleware.Invoke(HttpContext httpContext)
   at Microsoft.AspNetCore.Server.Kestrel.Core.Internal.Http.HttpProtocol.ProcessRequests[TContext](IHttpApplication`1 application)
2018-12-04 22:28:39,198 ERROR Microsoft.AspNetCore.Mvc.Internal.ActionSelector.? [?] - MESSAGE: Request matched multiple actions resulting in ambiguity. Matching actions: API.ImageMicroservice.Controllers.ImageController.Get (API.Microservice.Image)
API.ImageMicroservice.Controllers.ImageController.GetByProduct (API.Microservice.Image)
 2018-12-04 22:28:39,225 ERROR Microsoft.AspNetCore.Server.Kestrel.? [?] - MESSAGE: Connection id "0HLIPVIPKNVRU", Request id "0HLIPVIPKNVRU:00000004": An unhandled exception was thrown by the application.
 Microsoft.AspNetCore.Mvc.Internal.AmbiguousActionException: Multiple actions matched. The following actions matched route data and had all constraints satisfied:

API.ImageMicroservice.Controllers.ImageController.Get (API.Microservice.Image)
API.ImageMicroservice.Controllers.ImageController.GetByProduct (API.Microservice.Image)
   at Microsoft.AspNetCore.Mvc.Internal.ActionSelector.SelectBestCandidate(RouteContext context, IReadOnlyList`1 candidates)
   at Microsoft.AspNetCore.Mvc.Internal.MvcAttributeRouteHandler.RouteAsync(RouteContext context)
   at Microsoft.AspNetCore.Routing.Tree.TreeRouter.RouteAsync(RouteContext context)
   at Microsoft.AspNetCore.Routing.RouteCollection.RouteAsync(RouteContext context)
   at Microsoft.AspNetCore.Builder.RouterMiddleware.Invoke(HttpContext httpContext)
   at API.Core.Startup.BaseStartup.<>c.<<Configure>b__8_0>d.MoveNext() in C:\Users\levan\code\blue\API.Microservice\API.Core.Startup\BaseStartup.cs:line 90
--- End of stack trace from previous location where exception was thrown ---
   at Microsoft.AspNetCore.Authentication.AuthenticationMiddleware.Invoke(HttpContext context)
   at Microsoft.AspNetCore.Server.IISIntegration.IISMiddleware.Invoke(HttpContext httpContext)
   at Microsoft.AspNetCore.Server.Kestrel.Core.Internal.Http.HttpProtocol.ProcessRequests[TContext](IHttpApplication`1 application)
2018-12-04 22:28:42,818 ERROR Microsoft.AspNetCore.Mvc.Internal.ActionSelector.? [?] - MESSAGE: Request matched multiple actions resulting in ambiguity. Matching actions: API.ImageMicroservice.Controllers.ImageController.Get (API.Microservice.Image)
API.ImageMicroservice.Controllers.ImageController.GetByProduct (API.Microservice.Image)
 2018-12-04 22:28:42,841 ERROR Microsoft.AspNetCore.Server.Kestrel.? [?] - MESSAGE: Connection id "0HLIPVIPKNVRU", Request id "0HLIPVIPKNVRU:00000005": An unhandled exception was thrown by the application.
 Microsoft.AspNetCore.Mvc.Internal.AmbiguousActionException: Multiple actions matched. The following actions matched route data and had all constraints satisfied:

API.ImageMicroservice.Controllers.ImageController.Get (API.Microservice.Image)
API.ImageMicroservice.Controllers.ImageController.GetByProduct (API.Microservice.Image)
   at Microsoft.AspNetCore.Mvc.Internal.ActionSelector.SelectBestCandidate(RouteContext context, IReadOnlyList`1 candidates)
   at Microsoft.AspNetCore.Mvc.Internal.MvcAttributeRouteHandler.RouteAsync(RouteContext context)
   at Microsoft.AspNetCore.Routing.Tree.TreeRouter.RouteAsync(RouteContext context)
   at Microsoft.AspNetCore.Routing.RouteCollection.RouteAsync(RouteContext context)
   at Microsoft.AspNetCore.Builder.RouterMiddleware.Invoke(HttpContext httpContext)
   at API.Core.Startup.BaseStartup.<>c.<<Configure>b__8_0>d.MoveNext() in C:\Users\levan\code\blue\API.Microservice\API.Core.Startup\BaseStartup.cs:line 90
--- End of stack trace from previous location where exception was thrown ---
   at Microsoft.AspNetCore.Authentication.AuthenticationMiddleware.Invoke(HttpContext context)
   at Microsoft.AspNetCore.Server.IISIntegration.IISMiddleware.Invoke(HttpContext httpContext)
   at Microsoft.AspNetCore.Server.Kestrel.Core.Internal.Http.HttpProtocol.ProcessRequests[TContext](IHttpApplication`1 application)
2018-12-04 22:29:02,208 ERROR Microsoft.AspNetCore.Mvc.Internal.ActionSelector.? [?] - MESSAGE: Request matched multiple actions resulting in ambiguity. Matching actions: API.ImageMicroservice.Controllers.ImageController.Get (API.Microservice.Image)
API.ImageMicroservice.Controllers.ImageController.GetByProduct (API.Microservice.Image)
 2018-12-04 22:29:02,233 ERROR Microsoft.AspNetCore.Server.Kestrel.? [?] - MESSAGE: Connection id "0HLIPVIPKNVRU", Request id "0HLIPVIPKNVRU:00000006": An unhandled exception was thrown by the application.
 Microsoft.AspNetCore.Mvc.Internal.AmbiguousActionException: Multiple actions matched. The following actions matched route data and had all constraints satisfied:

API.ImageMicroservice.Controllers.ImageController.Get (API.Microservice.Image)
API.ImageMicroservice.Controllers.ImageController.GetByProduct (API.Microservice.Image)
   at Microsoft.AspNetCore.Mvc.Internal.ActionSelector.SelectBestCandidate(RouteContext context, IReadOnlyList`1 candidates)
   at Microsoft.AspNetCore.Mvc.Internal.MvcAttributeRouteHandler.RouteAsync(RouteContext context)
   at Microsoft.AspNetCore.Routing.Tree.TreeRouter.RouteAsync(RouteContext context)
   at Microsoft.AspNetCore.Routing.RouteCollection.RouteAsync(RouteContext context)
   at Microsoft.AspNetCore.Builder.RouterMiddleware.Invoke(HttpContext httpContext)
   at API.Core.Startup.BaseStartup.<>c.<<Configure>b__8_0>d.MoveNext() in C:\Users\levan\code\blue\API.Microservice\API.Core.Startup\BaseStartup.cs:line 90
--- End of stack trace from previous location where exception was thrown ---
   at Microsoft.AspNetCore.Authentication.AuthenticationMiddleware.Invoke(HttpContext context)
   at Microsoft.AspNetCore.Server.IISIntegration.IISMiddleware.Invoke(HttpContext httpContext)
   at Microsoft.AspNetCore.Server.Kestrel.Core.Internal.Http.HttpProtocol.ProcessRequests[TContext](IHttpApplication`1 application)
2018-12-04 23:05:44,621 ERROR Microsoft.AspNetCore.Server.Kestrel.? [?] - MESSAGE: Connection id "0HLIQ07HV7IM5", Request id "0HLIQ07HV7IM5:00000006": An unhandled exception was thrown by the application.
 System.InvalidOperationException: No authenticationScheme was specified, and there was no DefaultChallengeScheme found.
   at Microsoft.AspNetCore.Authentication.AuthenticationService.ChallengeAsync(HttpContext context, String scheme, AuthenticationProperties properties)
   at Microsoft.AspNetCore.Mvc.ChallengeResult.ExecuteResultAsync(ActionContext context)
   at Microsoft.AspNetCore.Mvc.Internal.ResourceInvoker.InvokeResultAsync(IActionResult result)
   at Microsoft.AspNetCore.Mvc.Internal.ResourceInvoker.InvokeAlwaysRunResultFilters()
   at Microsoft.AspNetCore.Mvc.Internal.ResourceInvoker.InvokeFilterPipelineAsync()
   at Microsoft.AspNetCore.Mvc.Internal.ResourceInvoker.InvokeAsync()
   at Microsoft.AspNetCore.Builder.RouterMiddleware.Invoke(HttpContext httpContext)
   at API.Core.Startup.BaseStartup.<>c.<<Configure>b__8_0>d.MoveNext() in C:\Users\levan\code\blue\API.Microservice\API.Core.Startup\BaseStartup.cs:line 90
--- End of stack trace from previous location where exception was thrown ---
   at Microsoft.AspNetCore.Authentication.AuthenticationMiddleware.Invoke(HttpContext context)
   at Microsoft.AspNetCore.Server.IISIntegration.IISMiddleware.Invoke(HttpContext httpContext)
   at Microsoft.AspNetCore.Server.Kestrel.Core.Internal.Http.HttpProtocol.ProcessRequests[TContext](IHttpApplication`1 application)
