2018-12-06 00:23:39,886 ERROR API.Core.Logging.LogManager.? [?] - MESSAGE: Execute Query
 MySql.Data.MySqlClient.MySqlException (0x80004005): Retrieval of the RSA public key is not enabled for insecure connections.
   at MySql.Data.MySqlClient.Authentication.CachingSha2AuthenticationPlugin.GeneratePassword()
   at MySql.Data.MySqlClient.Authentication.MySqlAuthenticationPlugin.ContinueAuthentication(Byte[] data)
   at MySql.Data.MySqlClient.Authentication.MySqlAuthenticationPlugin.Authenticate(Boolean reset)
   at MySql.Data.MySqlClient.NativeDriver.Open()
   at MySql.Data.MySqlClient.Driver.Open()
   at MySql.Data.MySqlClient.Driver.Create(MySqlConnectionStringBuilder settings)
   at MySql.Data.MySqlClient.MySqlPool.CreateNewPooledConnection()
   at MySql.Data.MySqlClient.MySqlPool.GetPooledConnection()
   at MySql.Data.MySqlClient.MySqlPool.TryToGetDriver()
   at MySql.Data.MySqlClient.MySqlPool.GetConnection()
   at MySql.Data.MySqlClient.MySqlConnection.Open()
   at API.Core.Infrastructure.DatabaseConnectionFactory.GetConnection() in C:\Users\levan\code\blue\API.Microservice\API.Core.Infrastructure\DatabaseConnectionFactory.cs:line 23
   at API.Core.Repositories.BaseRepository.ExecuteQuery[T](String storeName, BaseDynamicParameters parameters) in C:\Users\levan\code\blue\API.Microservice\API.Core.Repositories\BaseRepository.cs:line 57
2018-12-06 00:23:50,523 ERROR API.Core.Logging.LogManager.? [?] - MESSAGE: Execute Query
 MySql.Data.MySqlClient.MySqlException (0x80004005): Retrieval of the RSA public key is not enabled for insecure connections.
   at MySql.Data.MySqlClient.Authentication.CachingSha2AuthenticationPlugin.GeneratePassword()
   at MySql.Data.MySqlClient.Authentication.MySqlAuthenticationPlugin.ContinueAuthentication(Byte[] data)
   at MySql.Data.MySqlClient.Authentication.MySqlAuthenticationPlugin.Authenticate(Boolean reset)
   at MySql.Data.MySqlClient.NativeDriver.Open()
   at MySql.Data.MySqlClient.Driver.Open()
   at MySql.Data.MySqlClient.Driver.Create(MySqlConnectionStringBuilder settings)
   at MySql.Data.MySqlClient.MySqlPool.CreateNewPooledConnection()
   at MySql.Data.MySqlClient.MySqlPool.GetPooledConnection()
   at MySql.Data.MySqlClient.MySqlPool.TryToGetDriver()
   at MySql.Data.MySqlClient.MySqlPool.GetConnection()
   at MySql.Data.MySqlClient.MySqlConnection.Open()
   at API.Core.Infrastructure.DatabaseConnectionFactory.GetConnection() in C:\Users\levan\code\blue\API.Microservice\API.Core.Infrastructure\DatabaseConnectionFactory.cs:line 23
   at API.Core.Repositories.BaseRepository.ExecuteQuery[T](String storeName, BaseDynamicParameters parameters) in C:\Users\levan\code\blue\API.Microservice\API.Core.Repositories\BaseRepository.cs:line 57
2018-12-06 00:23:58,564 ERROR API.Core.Logging.LogManager.? [?] - MESSAGE: Execute Query
 MySql.Data.MySqlClient.MySqlException (0x80004005): Retrieval of the RSA public key is not enabled for insecure connections.
   at MySql.Data.MySqlClient.Authentication.CachingSha2AuthenticationPlugin.GeneratePassword()
   at MySql.Data.MySqlClient.Authentication.MySqlAuthenticationPlugin.ContinueAuthentication(Byte[] data)
   at MySql.Data.MySqlClient.Authentication.MySqlAuthenticationPlugin.Authenticate(Boolean reset)
   at MySql.Data.MySqlClient.NativeDriver.Open()
   at MySql.Data.MySqlClient.Driver.Open()
   at MySql.Data.MySqlClient.Driver.Create(MySqlConnectionStringBuilder settings)
   at MySql.Data.MySqlClient.MySqlPool.CreateNewPooledConnection()
   at MySql.Data.MySqlClient.MySqlPool.GetPooledConnection()
   at MySql.Data.MySqlClient.MySqlPool.TryToGetDriver()
   at MySql.Data.MySqlClient.MySqlPool.GetConnection()
   at MySql.Data.MySqlClient.MySqlConnection.Open()
   at API.Core.Infrastructure.DatabaseConnectionFactory.GetConnection() in C:\Users\levan\code\blue\API.Microservice\API.Core.Infrastructure\DatabaseConnectionFactory.cs:line 23
   at API.Core.Repositories.BaseRepository.ExecuteQuery[T](String storeName, BaseDynamicParameters parameters) in C:\Users\levan\code\blue\API.Microservice\API.Core.Repositories\BaseRepository.cs:line 57
2018-12-06 00:24:17,457 ERROR API.Core.Logging.LogManager.? [?] - MESSAGE: Execute Query
 MySql.Data.MySqlClient.MySqlException (0x80004005): Retrieval of the RSA public key is not enabled for insecure connections.
   at MySql.Data.MySqlClient.Authentication.CachingSha2AuthenticationPlugin.GeneratePassword()
   at MySql.Data.MySqlClient.Authentication.MySqlAuthenticationPlugin.ContinueAuthentication(Byte[] data)
   at MySql.Data.MySqlClient.Authentication.MySqlAuthenticationPlugin.Authenticate(Boolean reset)
   at MySql.Data.MySqlClient.NativeDriver.Open()
   at MySql.Data.MySqlClient.Driver.Open()
   at MySql.Data.MySqlClient.Driver.Create(MySqlConnectionStringBuilder settings)
   at MySql.Data.MySqlClient.MySqlPool.CreateNewPooledConnection()
   at MySql.Data.MySqlClient.MySqlPool.GetPooledConnection()
   at MySql.Data.MySqlClient.MySqlPool.TryToGetDriver()
   at MySql.Data.MySqlClient.MySqlPool.GetConnection()
   at MySql.Data.MySqlClient.MySqlConnection.Open()
   at API.Core.Infrastructure.DatabaseConnectionFactory.GetConnection() in C:\Users\levan\code\blue\API.Microservice\API.Core.Infrastructure\DatabaseConnectionFactory.cs:line 23
   at API.Core.Repositories.BaseRepository.ExecuteQuery[T](String storeName, BaseDynamicParameters parameters) in C:\Users\levan\code\blue\API.Microservice\API.Core.Repositories\BaseRepository.cs:line 57
2018-12-06 00:26:16,280 ERROR API.Core.Logging.LogManager.? [?] - MESSAGE: Execute Query
 MySql.Data.MySqlClient.MySqlException (0x80004005): Retrieval of the RSA public key is not enabled for insecure connections.
   at MySql.Data.MySqlClient.Authentication.CachingSha2AuthenticationPlugin.GeneratePassword()
   at MySql.Data.MySqlClient.Authentication.MySqlAuthenticationPlugin.ContinueAuthentication(Byte[] data)
   at MySql.Data.MySqlClient.Authentication.MySqlAuthenticationPlugin.Authenticate(Boolean reset)
   at MySql.Data.MySqlClient.NativeDriver.Open()
   at MySql.Data.MySqlClient.Driver.Open()
   at MySql.Data.MySqlClient.Driver.Create(MySqlConnectionStringBuilder settings)
   at MySql.Data.MySqlClient.MySqlPool.CreateNewPooledConnection()
   at MySql.Data.MySqlClient.MySqlPool.GetPooledConnection()
   at MySql.Data.MySqlClient.MySqlPool.TryToGetDriver()
   at MySql.Data.MySqlClient.MySqlPool.GetConnection()
   at MySql.Data.MySqlClient.MySqlConnection.Open()
   at API.Core.Infrastructure.DatabaseConnectionFactory.GetConnection() in C:\Users\levan\code\blue\API.Microservice\API.Core.Infrastructure\DatabaseConnectionFactory.cs:line 23
   at API.Core.Repositories.BaseRepository.ExecuteQuery[T](String storeName, BaseDynamicParameters parameters) in C:\Users\levan\code\blue\API.Microservice\API.Core.Repositories\BaseRepository.cs:line 57
